<?xml version="1.0" encoding="UTF-8"?>
<coverage generated="1623066127651" clover="3.2.0">
  <project timestamp="1623066127651" name="All files">
    <metrics statements="23" coveredstatements="23" conditionals="12" coveredconditionals="12" methods="4" coveredmethods="4" elements="39" coveredelements="39" complexity="0" loc="23" ncloc="23" packages="2" files="4" classes="4"/>
    <package name="src">
      <metrics statements="2" coveredstatements="2" conditionals="0" coveredconditionals="0" methods="1" coveredmethods="1"/>
      <file name="suma.js" path="C:\Users\jesus\OneDrive\Documentos\Proyectos Dev\kairos\SPAdesdecero\src\suma.js">
        <metrics statements="2" coveredstatements="2" conditionals="0" coveredconditionals="0" methods="1" coveredmethods="1"/>
        <line num="1" count="1" type="stmt"/>
        <line num="2" count="1" type="stmt"/>
      </file>
    </package>
    <package name="src.apps">
      <metrics statements="21" coveredstatements="21" conditionals="12" coveredconditionals="12" methods="3" coveredmethods="3"/>
      <file name="check_nif.js" path="C:\Users\jesus\OneDrive\Documentos\Proyectos Dev\kairos\SPAdesdecero\src\apps\check_nif.js">
        <metrics statements="11" coveredstatements="11" conditionals="4" coveredconditionals="4" methods="1" coveredmethods="1"/>
        <line num="1" count="1" type="stmt"/>
        <line num="2" count="5" type="stmt"/>
        <line num="3" count="5" type="stmt"/>
        <line num="4" count="5" type="stmt"/>
        <line num="5" count="5" type="cond" truecount="2" falsecount="0"/>
        <line num="6" count="3" type="stmt"/>
        <line num="9" count="2" type="stmt"/>
        <line num="10" count="2" type="stmt"/>
        <line num="11" count="2" type="stmt"/>
        <line num="12" count="2" type="stmt"/>
        <line num="13" count="2" type="cond" truecount="2" falsecount="0"/>
      </file>
      <file name="palindromo.js" path="C:\Users\jesus\OneDrive\Documentos\Proyectos Dev\kairos\SPAdesdecero\src\apps\palindromo.js">
        <metrics statements="6" coveredstatements="6" conditionals="4" coveredconditionals="4" methods="1" coveredmethods="1"/>
        <line num="1" count="1" type="stmt"/>
        <line num="3" count="6" type="cond" truecount="2" falsecount="0"/>
        <line num="4" count="2" type="stmt"/>
        <line num="7" count="4" type="stmt"/>
        <line num="22" count="4" type="stmt"/>
        <line num="27" count="4" type="cond" truecount="2" falsecount="0"/>
      </file>
      <file name="paridad.js" path="C:\Users\jesus\OneDrive\Documentos\Proyectos Dev\kairos\SPAdesdecero\src\apps\paridad.js">
        <metrics statements="4" coveredstatements="4" conditionals="4" coveredconditionals="4" methods="1" coveredmethods="1"/>
        <line num="1" count="1" type="stmt"/>
        <line num="2" count="9" type="cond" truecount="2" falsecount="0"/>
        <line num="3" count="5" type="stmt"/>
        <line num="6" count="4" type="cond" truecount="2" falsecount="0"/>
      </file>
    </package>
  </project>
</coverage>
