{"C:\\Users\\jesus\\OneDrive\\Documentos\\Proyectos Dev\\kairos\\SPAdesdecero\\src\\suma.js": {"path":"C:\\Users\\jesus\\OneDrive\\Documentos\\Proyectos Dev\\kairos\\SPAdesdecero\\src\\suma.js","statementMap":{"0":{"start":{"line":1,"column":20},"end":{"line":3,"column":3}},"1":{"start":{"line":2,"column":4},"end":{"line":2,"column":17}}},"fnMap":{"0":{"name":"(anonymous_0)","decl":{"start":{"line":1,"column":20},"end":{"line":1,"column":21}},"loc":{"start":{"line":1,"column":30},"end":{"line":3,"column":3}},"line":1}},"branchMap":{},"s":{"0":1,"1":1},"f":{"0":1},"b":{},"_coverageSchema":"1a1c01bbd47fc00a2c39e90264f33305004495a9","hash":"c5567b0e9b59acfae356e4ccfa2beb33209bbc45"}
,"C:\\Users\\jesus\\OneDrive\\Documentos\\Proyectos Dev\\kairos\\SPAdesdecero\\src\\apps\\check_nif.js": {"path":"C:\\Users\\jesus\\OneDrive\\Documentos\\Proyectos Dev\\kairos\\SPAdesdecero\\src\\apps\\check_nif.js","statementMap":{"0":{"start":{"line":1,"column":24},"end":{"line":17,"column":1}},"1":{"start":{"line":2,"column":24},"end":{"line":2,"column":117}},"2":{"start":{"line":3,"column":21},"end":{"line":3,"column":59}},"3":{"start":{"line":4,"column":25},"end":{"line":4,"column":43}},"4":{"start":{"line":5,"column":4},"end":{"line":16,"column":9}},"5":{"start":{"line":6,"column":12},"end":{"line":6,"column":78}},"6":{"start":{"line":9,"column":32},"end":{"line":9,"column":49}},"7":{"start":{"line":10,"column":28},"end":{"line":10,"column":43}},"8":{"start":{"line":11,"column":30},"end":{"line":11,"column":49}},"9":{"start":{"line":12,"column":34},"end":{"line":12,"column":48}},"10":{"start":{"line":13,"column":12},"end":{"line":15,"column":51}}},"fnMap":{"0":{"name":"(anonymous_0)","decl":{"start":{"line":1,"column":24},"end":{"line":1,"column":25}},"loc":{"start":{"line":1,"column":31},"end":{"line":17,"column":1}},"line":1}},"branchMap":{"0":{"loc":{"start":{"line":5,"column":4},"end":{"line":16,"column":9}},"type":"if","locations":[{"start":{"line":5,"column":4},"end":{"line":16,"column":9}},{"start":{"line":5,"column":4},"end":{"line":16,"column":9}}],"line":5},"1":{"loc":{"start":{"line":13,"column":19},"end":{"line":15,"column":50}},"type":"cond-expr","locations":[{"start":{"line":14,"column":17},"end":{"line":14,"column":31}},{"start":{"line":15,"column":17},"end":{"line":15,"column":50}}],"line":13}},"s":{"0":1,"1":5,"2":5,"3":5,"4":5,"5":3,"6":2,"7":2,"8":2,"9":2,"10":2},"f":{"0":5},"b":{"0":[3,2],"1":[1,1]},"_coverageSchema":"1a1c01bbd47fc00a2c39e90264f33305004495a9","hash":"f027cac30f9bf1ec0a85d413e9ad74f442373597"}
,"C:\\Users\\jesus\\OneDrive\\Documentos\\Proyectos Dev\\kairos\\SPAdesdecero\\src\\apps\\palindromo.js": {"path":"C:\\Users\\jesus\\OneDrive\\Documentos\\Proyectos Dev\\kairos\\SPAdesdecero\\src\\apps\\palindromo.js","statementMap":{"0":{"start":{"line":1,"column":26},"end":{"line":30,"column":1}},"1":{"start":{"line":3,"column":4},"end":{"line":5,"column":5}},"2":{"start":{"line":4,"column":8},"end":{"line":4,"column":33}},"3":{"start":{"line":7,"column":24},"end":{"line":20,"column":13}},"4":{"start":{"line":22,"column":18},"end":{"line":25,"column":13}},"5":{"start":{"line":27,"column":4},"end":{"line":29,"column":24}}},"fnMap":{"0":{"name":"(anonymous_0)","decl":{"start":{"line":1,"column":26},"end":{"line":1,"column":27}},"loc":{"start":{"line":1,"column":35},"end":{"line":30,"column":1}},"line":1}},"branchMap":{"0":{"loc":{"start":{"line":3,"column":4},"end":{"line":5,"column":5}},"type":"if","locations":[{"start":{"line":3,"column":4},"end":{"line":5,"column":5}},{"start":{"line":3,"column":4},"end":{"line":5,"column":5}}],"line":3},"1":{"loc":{"start":{"line":27,"column":11},"end":{"line":29,"column":24}},"type":"cond-expr","locations":[{"start":{"line":28,"column":6},"end":{"line":28,"column":21}},{"start":{"line":29,"column":6},"end":{"line":29,"column":24}}],"line":27}},"s":{"0":1,"1":6,"2":2,"3":4,"4":4,"5":4},"f":{"0":6},"b":{"0":[2,4],"1":[3,1]},"_coverageSchema":"1a1c01bbd47fc00a2c39e90264f33305004495a9","hash":"8601e2c9fd3c2e2dea512290db9c3b1499662f1c"}
,"C:\\Users\\jesus\\OneDrive\\Documentos\\Proyectos Dev\\kairos\\SPAdesdecero\\src\\apps\\paridad.js": {"path":"C:\\Users\\jesus\\OneDrive\\Documentos\\Proyectos Dev\\kairos\\SPAdesdecero\\src\\apps\\paridad.js","statementMap":{"0":{"start":{"line":1,"column":23},"end":{"line":10,"column":1}},"1":{"start":{"line":2,"column":3},"end":{"line":9,"column":5}},"2":{"start":{"line":3,"column":7},"end":{"line":3,"column":40}},"3":{"start":{"line":6,"column":5},"end":{"line":8,"column":20}}},"fnMap":{"0":{"name":"(anonymous_0)","decl":{"start":{"line":1,"column":23},"end":{"line":1,"column":24}},"loc":{"start":{"line":1,"column":33},"end":{"line":10,"column":1}},"line":1}},"branchMap":{"0":{"loc":{"start":{"line":2,"column":3},"end":{"line":9,"column":5}},"type":"if","locations":[{"start":{"line":2,"column":3},"end":{"line":9,"column":5}},{"start":{"line":2,"column":3},"end":{"line":9,"column":5}}],"line":2},"1":{"loc":{"start":{"line":6,"column":12},"end":{"line":8,"column":20}},"type":"cond-expr","locations":[{"start":{"line":7,"column":10},"end":{"line":7,"column":18}},{"start":{"line":8,"column":10},"end":{"line":8,"column":20}}],"line":6}},"s":{"0":1,"1":9,"2":5,"3":4},"f":{"0":9},"b":{"0":[5,4],"1":[3,1]},"_coverageSchema":"1a1c01bbd47fc00a2c39e90264f33305004495a9","hash":"e1de43f29dfcc18daa2eb97238cc8b4257822025"}
}
