{"/workspaces/SPAdesdecero/src/suma.js": {"path":"/workspaces/SPAdesdecero/src/suma.js","statementMap":{"0":{"start":{"line":1,"column":20},"end":{"line":3,"column":3}},"1":{"start":{"line":2,"column":4},"end":{"line":2,"column":17}}},"fnMap":{"0":{"name":"(anonymous_0)","decl":{"start":{"line":1,"column":20},"end":{"line":1,"column":21}},"loc":{"start":{"line":1,"column":30},"end":{"line":3,"column":3}},"line":1}},"branchMap":{},"s":{"0":1,"1":1},"f":{"0":1},"b":{},"_coverageSchema":"1a1c01bbd47fc00a2c39e90264f33305004495a9","hash":"b3e9a51aff4f8f00d59e770f8aa413d35344f3f5"}
}
