TN:
SF:src\suma.js
FN:1,(anonymous_0)
FNF:1
FNH:1
FNDA:1,(anonymous_0)
DA:1,1
DA:2,1
LF:2
LH:2
BRF:0
BRH:0
end_of_record
TN:
SF:src\apps\check_nif.js
FN:1,(anonymous_0)
FNF:1
FNH:1
FNDA:5,(anonymous_0)
DA:1,1
DA:2,5
DA:3,5
DA:4,5
DA:5,5
DA:6,3
DA:9,2
DA:10,2
DA:11,2
DA:12,2
DA:13,2
LF:11
LH:11
BRDA:5,0,0,3
BRDA:5,0,1,2
BRDA:13,1,0,1
BRDA:13,1,1,1
BRF:4
BRH:4
end_of_record
TN:
SF:src\apps\palindromo.js
FN:1,(anonymous_0)
FNF:1
FNH:1
FNDA:6,(anonymous_0)
DA:1,1
DA:3,6
DA:4,2
DA:7,4
DA:22,4
DA:27,4
LF:6
LH:6
BRDA:3,0,0,2
BRDA:3,0,1,4
BRDA:27,1,0,3
BRDA:27,1,1,1
BRF:4
BRH:4
end_of_record
TN:
SF:src\apps\paridad.js
FN:1,(anonymous_0)
FNF:1
FNH:1
FNDA:9,(anonymous_0)
DA:1,1
DA:2,9
DA:3,5
DA:6,4
LF:4
LH:4
BRDA:2,0,0,5
BRDA:2,0,1,4
BRDA:6,1,0,3
BRDA:6,1,1,1
BRF:4
BRH:4
end_of_record
